<?xml version="1.0" encoding="UTF-8"?>
<!-- Generated by org.testng.reporters.JUnitReportReporter -->
<testsuite hostname="Abhishek" failures="0" tests="1" name="test_scripts.Functional_02" time="0.065" errors="0" timestamp="2022-02-09T13:02:52 IST" skipped="0">
  <testcase classname="test_scripts.Functional_02" name="functional_02" time="0.065"/>
  <system-out/>
</testsuite> <!-- test_scripts.Functional_02 -->
