<?xml version="1.0" encoding="UTF-8"?>
<!-- Generated by org.testng.reporters.JUnitReportReporter -->
<testsuite hostname="TYC0921363" failures="0" tests="1" name="test_scripts.TC02" time="0.090" errors="0" timestamp="2022-02-10T01:10:55 PST" skipped="0">
  <testcase classname="test_scripts.TC02" name="Resume1" time="0.090"/>
  <system-out/>
</testsuite> <!-- test_scripts.TC02 -->
