<?xml version="1.0" encoding="UTF-8"?>
<!-- Generated by org.testng.reporters.JUnitReportReporter -->
<testsuite hostname="TYC0921378" failures="0" tests="1" name="test_scripts.TC_End_to_End" time="17.637" errors="0" timestamp="2022-02-10T13:22:27 IST" skipped="0">
  <testcase classname="test_scripts.TC_End_to_End" name="testCase" time="17.637"/>
  <system-out/>
</testsuite> <!-- test_scripts.TC_End_to_End -->
