<?xml version="1.0" encoding="UTF-8"?>
<!-- Generated by org.testng.reporters.JUnitReportReporter -->
<testsuite skipped="0" hostname="TYC0921353" name="pom_scripts.simple" tests="7" failures="0" timestamp="2022-02-07T17:50:21 IST" time="0.855" errors="0">
  <testcase name="testcase02" time="0.077" classname="pom_scripts.simple"/>
  <system-out/>
  <testcase name="testcase02" time="0.079" classname="pom_scripts.simple"/>
  <system-out/>
  <testcase name="testcase02" time="0.313" classname="pom_scripts.simple"/>
  <system-out/>
  <testcase name="testcase02" time="0.122" classname="pom_scripts.simple"/>
  <system-out/>
  <testcase name="testcase02" time="0.108" classname="pom_scripts.simple"/>
  <system-out/>
  <testcase name="testcase02" time="0.081" classname="pom_scripts.simple"/>
  <system-out/>
  <testcase name="testcase02" time="0.075" classname="pom_scripts.simple"/>
  <system-out/>
</testsuite> <!-- pom_scripts.simple -->
