<?xml version="1.0" encoding="UTF-8"?>
<!-- Generated by org.testng.reporters.JUnitReportReporter -->
<testsuite hostname="TYC0921378" failures="0" tests="2" name="test_scripts.TC_Education_07" time="9.987" errors="0" timestamp="2022-02-10T15:39:21 IST" skipped="0">
  <testcase classname="test_scripts.TC_Education_07" name="testCase" time="9.153"/>
  <system-out/>
  <testcase classname="test_scripts.TC_Education_07" name="testCase" time="0.834"/>
  <system-out/>
</testsuite> <!-- test_scripts.TC_Education_07 -->
