<?xml version="1.0" encoding="UTF-8"?>
<!-- Generated by org.testng.reporters.JUnitReportReporter -->
<testsuite hostname="TYC0921363" failures="0" tests="1" name="pom_scripts.TC05" time="0.550" errors="0" timestamp="2022-02-07T01:57:58 PST" skipped="0">
  <testcase classname="pom_scripts.TC05" name="resume" time="0.550"/>
  <system-out/>
</testsuite> <!-- pom_scripts.TC05 -->
