<?xml version="1.0" encoding="UTF-8"?>
<!-- Generated by org.testng.reporters.JUnitReportReporter -->
<testsuite hostname="TYC0921363" failures="0" tests="1" name="pom_scripts.TC_10" time="0.268" errors="0" timestamp="2022-02-07T20:03:42 PST" skipped="0">
  <testcase classname="pom_scripts.TC_10" name="Resume" time="0.268"/>
  <system-out/>
</testsuite> <!-- pom_scripts.TC_10 -->
