<?xml version="1.0" encoding="UTF-8"?>
<!-- Generated by org.testng.reporters.JUnitReportReporter -->
<testsuite hostname="Abhishek" failures="0" tests="1" name="test_scripts.Functional_05" time="2.897" errors="0" timestamp="2022-02-09T13:02:52 IST" skipped="0">
  <testcase classname="test_scripts.Functional_05" name="functional_05" time="2.897"/>
  <system-out/>
</testsuite> <!-- test_scripts.Functional_05 -->
