<?xml version="1.0" encoding="UTF-8"?>
<!-- Generated by org.testng.reporters.JUnitReportReporter -->
<testsuite hostname="TYC0921363" failures="0" tests="1" name="test_scripts.TC16" time="16.718" errors="0" timestamp="2022-02-10T20:36:59 PST" skipped="0">
  <testcase classname="test_scripts.TC16" name="TC" time="16.718"/>
  <system-out/>
</testsuite> <!-- test_scripts.TC16 -->
