<?xml version="1.0" encoding="UTF-8"?>
<!-- Generated by org.testng.reporters.JUnitReportReporter -->
<testsuite hostname="Abhishek" failures="0" tests="2" name="test_scripts.Functional_04" time="0.444" errors="0" timestamp="2022-02-09T13:02:52 IST" skipped="0">
  <testcase classname="test_scripts.Functional_04" name="functional_04" time="0.194"/>
  <system-out/>
  <testcase classname="test_scripts.Functional_04" name="functional_04" time="0.250"/>
  <system-out/>
</testsuite> <!-- test_scripts.Functional_04 -->
