<?xml version="1.0" encoding="UTF-8"?>
<!-- Generated by org.testng.reporters.JUnitReportReporter -->
<testsuite hostname="TYC0921378" failures="0" tests="1" name="test_scripts.TC_Profile_09" time="14.306" errors="0" timestamp="2022-02-10T15:39:21 IST" skipped="0">
  <testcase classname="test_scripts.TC_Profile_09" name="testCase" time="14.306"/>
  <system-out/>
</testsuite> <!-- test_scripts.TC_Profile_09 -->
