<?xml version="1.0" encoding="UTF-8"?>
<!-- Generated by org.testng.reporters.JUnitReportReporter -->
<testsuite skipped="0" hostname="TYC0921353" name="pom_scripts.SamplePOMScript" tests="8" failures="0" timestamp="2022-02-07T17:46:16 IST" time="1.185" errors="0">
  <testcase name="testcase02" time="0.217" classname="pom_scripts.SamplePOMScript"/>
  <system-out/>
  <testcase name="testcase02" time="0.244" classname="pom_scripts.SamplePOMScript"/>
  <system-out/>
  <testcase name="testcase02" time="0.075" classname="pom_scripts.SamplePOMScript"/>
  <system-out/>
  <testcase name="testCase01" time="0.329" classname="pom_scripts.SamplePOMScript"/>
  <system-out/>
  <testcase name="testcase02" time="0.092" classname="pom_scripts.SamplePOMScript"/>
  <system-out/>
  <testcase name="testcase02" time="0.077" classname="pom_scripts.SamplePOMScript"/>
  <system-out/>
  <testcase name="testcase02" time="0.078" classname="pom_scripts.SamplePOMScript"/>
  <system-out/>
  <testcase name="testcase02" time="0.073" classname="pom_scripts.SamplePOMScript"/>
  <system-out/>
</testsuite> <!-- pom_scripts.SamplePOMScript -->
