<?xml version="1.0" encoding="UTF-8"?>
<!-- Generated by org.testng.reporters.JUnitReportReporter -->
<testsuite hostname="Abhishek" failures="0" tests="2" name="test_scripts.Functional_07" time="0.407" errors="0" timestamp="2022-02-09T13:02:52 IST" skipped="0">
  <testcase classname="test_scripts.Functional_07" name="functional_07" time="0.156"/>
  <system-out/>
  <testcase classname="test_scripts.Functional_07" name="functional_07" time="0.251"/>
  <system-out/>
</testsuite> <!-- test_scripts.Functional_07 -->
