<?xml version="1.0" encoding="UTF-8"?>
<!-- Generated by org.testng.reporters.JUnitReportReporter -->
<testsuite skipped="0" hostname="TYC0921353" name="test_scripts.Profile" tests="6" failures="0" timestamp="2022-02-11T09:23:50 IST" time="1.649" errors="0">
  <testcase name="tc03" time="0.211" classname="test_scripts.Profile"/>
  <system-out/>
  <testcase name="tc03" time="0.212" classname="test_scripts.Profile"/>
  <system-out/>
  <testcase name="tc03" time="0.208" classname="test_scripts.Profile"/>
  <system-out/>
  <testcase name="tc03" time="0.175" classname="test_scripts.Profile"/>
  <system-out/>
  <testcase name="tc03" time="0.220" classname="test_scripts.Profile"/>
  <system-out/>
  <testcase name="tc03" time="0.623" classname="test_scripts.Profile"/>
  <system-out/>
</testsuite> <!-- test_scripts.Profile -->
