<?xml version="1.0" encoding="UTF-8"?>
<!-- Generated by org.testng.reporters.JUnitReportReporter -->
<testsuite hostname="Abhishek" failures="0" tests="3" name="test_scripts.Functional_03" time="0.698" errors="0" timestamp="2022-02-09T13:02:52 IST" skipped="0">
  <testcase classname="test_scripts.Functional_03" name="functional_03" time="0.322"/>
  <system-out/>
  <testcase classname="test_scripts.Functional_03" name="functional_03" time="0.174"/>
  <system-out/>
  <testcase classname="test_scripts.Functional_03" name="functional_03" time="0.202"/>
  <system-out/>
</testsuite> <!-- test_scripts.Functional_03 -->
