<?xml version="1.0" encoding="UTF-8"?>
<!-- Generated by org.testng.reporters.JUnitReportReporter -->
<testsuite hostname="TYC0921363" failures="0" tests="1" name="pom_scripts.TC02" time="0.819" errors="0" timestamp="2022-02-07T02:48:29 PST" skipped="0">
  <testcase classname="pom_scripts.TC02" name="Resume1" time="0.819"/>
  <system-out/>
</testsuite> <!-- pom_scripts.TC02 -->
