<?xml version="1.0" encoding="UTF-8"?>
<!-- Generated by org.testng.reporters.JUnitReportReporter -->
<testsuite hostname="TYC0921363" failures="0" tests="2" name="pom_scripts.TC07" time="0.619" errors="0" timestamp="2022-02-07T03:38:21 PST" skipped="0">
  <testcase classname="pom_scripts.TC07" name="Tc02" time="0.516"/>
  <system-out/>
  <testcase classname="pom_scripts.TC07" name="Tc02" time="0.103"/>
  <system-out/>
</testsuite> <!-- pom_scripts.TC07 -->
