<?xml version="1.0" encoding="UTF-8"?>
<!-- Generated by org.testng.reporters.JUnitReportReporter -->
<testsuite hostname="Abhishek" failures="0" tests="1" name="test_scripts.Integration01" time="0.502" errors="0" timestamp="2022-02-11T10:41:48 IST" skipped="0">
  <testcase classname="test_scripts.Integration01" name="integration01" time="0.502"/>
  <system-out/>
</testsuite> <!-- test_scripts.Integration01 -->
