<?xml version="1.0" encoding="UTF-8"?>
<!-- Generated by org.testng.reporters.JUnitReportReporter -->
<testsuite hostname="TYC0921363" failures="0" tests="1" name="pom_scripts.TC01" time="0.854" errors="0" timestamp="2022-02-07T00:31:57 PST" skipped="0">
  <testcase classname="pom_scripts.TC01" name="Resume" time="0.854"/>
  <system-out/>
</testsuite> <!-- pom_scripts.TC01 -->
