<?xml version="1.0" encoding="UTF-8"?>
<!-- Generated by org.testng.reporters.JUnitReportReporter -->
<testsuite hostname="TYC0921363" failures="0" tests="1" name="pom_scripts.TC09" time="0.000" errors="0" timestamp="2022-02-07T19:58:29 PST" skipped="1">
  <testcase classname="pom_scripts.TC09" name="firstname" time="0.000">
    <skipped/>
  </testcase> <!-- firstname -->
  <system-out/>
</testsuite> <!-- pom_scripts.TC09 -->
