<?xml version="1.0" encoding="UTF-8"?>
<!-- Generated by org.testng.reporters.JUnitReportReporter -->
<testsuite hostname="TYC0921378" failures="0" tests="1" name="test_scripts.TC_Education_05" time="1.099" errors="0" timestamp="2022-02-10T15:39:20 IST" skipped="0">
  <testcase classname="test_scripts.TC_Education_05" name="testcase" time="1.099"/>
  <system-out/>
</testsuite> <!-- test_scripts.TC_Education_05 -->
