<?xml version="1.0" encoding="UTF-8"?>
<!-- Generated by org.testng.reporters.JUnitReportReporter -->
<testsuite hostname="Abhishek" failures="0" tests="1" name="test_scripts.Integration03" time="0.355" errors="0" timestamp="2022-02-11T10:35:46 IST" skipped="0">
  <testcase classname="test_scripts.Integration03" name="integration03" time="0.355"/>
  <system-out/>
</testsuite> <!-- test_scripts.Integration03 -->
