<?xml version="1.0" encoding="UTF-8"?>
<!-- Generated by org.testng.reporters.JUnitReportReporter -->
<testsuite hostname="TYC0921363" failures="0" tests="1" name="pom_scripts.TC04" time="0.151" errors="0" timestamp="2022-02-07T01:53:47 PST" skipped="0">
  <testcase classname="pom_scripts.TC04" name="Resume" time="0.151"/>
  <system-out/>
</testsuite> <!-- pom_scripts.TC04 -->
