<?xml version="1.0" encoding="UTF-8"?>
<!-- Generated by org.testng.reporters.JUnitReportReporter -->
<testsuite hostname="Abhishek" failures="0" tests="1" name="test_scripts.Integration04" time="0.422" errors="0" timestamp="2022-02-11T10:32:11 IST" skipped="0">
  <testcase classname="test_scripts.Integration04" name="integration04" time="0.422"/>
  <system-out/>
</testsuite> <!-- test_scripts.Integration04 -->
