<?xml version="1.0" encoding="UTF-8"?>
<!-- Generated by org.testng.reporters.JUnitReportReporter -->
<testsuite hostname="TYC0921363" failures="0" tests="1" name="test_scripts.SampleTestScript" time="0.013" errors="0" timestamp="2022-02-10T01:10:55 PST" skipped="0">
  <testcase classname="test_scripts.SampleTestScript" name="testCase" time="0.013"/>
  <system-out/>
</testsuite> <!-- test_scripts.SampleTestScript -->
