<?xml version="1.0" encoding="UTF-8"?>
<!-- Generated by org.testng.reporters.JUnitReportReporter -->
<testsuite hostname="TYC0921363" failures="0" tests="1" name="test_scripts.TC13_Integration" time="5.274" errors="0" timestamp="2022-02-10T21:46:12 PST" skipped="0">
  <testcase classname="test_scripts.TC13_Integration" name="Resume" time="5.274"/>
  <system-out/>
</testsuite> <!-- test_scripts.TC13_Integration -->
