<?xml version="1.0" encoding="UTF-8"?>
<!-- Generated by org.testng.reporters.JUnitReportReporter -->
<testsuite hostname="Abhishek" failures="0" tests="1" name="test_scripts.Integration05" time="6.097" errors="0" timestamp="2022-02-10T12:18:44 IST" skipped="0">
  <testcase classname="test_scripts.Integration05" name="integration05" time="6.097"/>
  <system-out/>
</testsuite> <!-- test_scripts.Integration05 -->
