<?xml version="1.0" encoding="UTF-8"?>
<!-- Generated by org.testng.reporters.JUnitReportReporter -->
<testsuite skipped="0" hostname="TYC0921353" name="test_scripts.TestCase01" tests="8" failures="0" timestamp="2022-02-08T11:27:22 IST" time="1.492" errors="0">
  <testcase name="testcase02" time="0.061" classname="test_scripts.TestCase01"/>
  <system-out/>
  <testcase name="testcase02" time="0.499" classname="test_scripts.TestCase01"/>
  <system-out/>
  <testcase name="testcase02" time="0.134" classname="test_scripts.TestCase01"/>
  <system-out/>
  <testcase name="testcase02" time="0.058" classname="test_scripts.TestCase01"/>
  <system-out/>
  <testcase name="testCase01" time="0.549" classname="test_scripts.TestCase01"/>
  <system-out/>
  <testcase name="testcase02" time="0.065" classname="test_scripts.TestCase01"/>
  <system-out/>
  <testcase name="testcase02" time="0.063" classname="test_scripts.TestCase01"/>
  <system-out/>
  <testcase name="testcase02" time="0.063" classname="test_scripts.TestCase01"/>
  <system-out/>
</testsuite> <!-- test_scripts.TestCase01 -->
