<?xml version="1.0" encoding="UTF-8"?>
<!-- Generated by org.testng.reporters.JUnitReportReporter -->
<testsuite hostname="TYC0921363" failures="0" tests="1" name="test_scripts.TC10" time="0.912" errors="0" timestamp="2022-02-10T01:12:50 PST" skipped="0">
  <testcase classname="test_scripts.TC10" name="Tc" time="0.912"/>
  <system-out/>
</testsuite> <!-- test_scripts.TC10 -->
