<?xml version="1.0" encoding="UTF-8"?>
<!-- Generated by org.testng.reporters.JUnitReportReporter -->
<testsuite hostname="Abhishek" failures="0" tests="3" name="test_scripts.Functional_10" time="0.591" errors="0" timestamp="2022-02-09T13:02:52 IST" skipped="0">
  <testcase classname="test_scripts.Functional_10" name="functional_10" time="0.169"/>
  <system-out/>
  <testcase classname="test_scripts.Functional_10" name="functional_10" time="0.183"/>
  <system-out/>
  <testcase classname="test_scripts.Functional_10" name="functional_10" time="0.239"/>
  <system-out/>
</testsuite> <!-- test_scripts.Functional_10 -->
