<?xml version="1.0" encoding="UTF-8"?>
<!-- Generated by org.testng.reporters.JUnitReportReporter -->
<testsuite hostname="TYC0921378" failures="0" tests="1" name="test_scripts.SampleTestScript" time="0.669" errors="0" timestamp="2022-02-11T10:54:54 IST" skipped="0">
  <testcase classname="test_scripts.SampleTestScript" name="testCase" time="0.669"/>
  <system-out/>
</testsuite> <!-- test_scripts.SampleTestScript -->
