<?xml version="1.0" encoding="UTF-8"?>
<!-- Generated by org.testng.reporters.JUnitReportReporter -->
<testsuite hostname="TYC0921378" failures="0" tests="1" name="pom_scripts.TC_Education_03" time="0.824" errors="0" timestamp="2022-02-07T17:03:08 IST" skipped="0">
  <testcase classname="pom_scripts.TC_Education_03" name="testCase" time="0.824"/>
  <system-out/>
</testsuite> <!-- pom_scripts.TC_Education_03 -->
