<?xml version="1.0" encoding="UTF-8"?>
<!-- Generated by org.testng.reporters.JUnitReportReporter -->
<testsuite hostname="TYC0921363" failures="0" tests="1" name="test_scripts.TC15" time="1.566" errors="0" timestamp="2022-02-10T01:12:09 PST" skipped="0">
  <testcase classname="test_scripts.TC15" name="TC_15" time="1.566"/>
  <system-out/>
</testsuite> <!-- test_scripts.TC15 -->
