<?xml version="1.0" encoding="UTF-8"?>
<!-- Generated by org.testng.reporters.JUnitReportReporter -->
<testsuite hostname="TYC0921363" failures="0" tests="1" name="pom_scripts.TC11" time="6.289" errors="0" timestamp="2022-02-07T20:45:54 PST" skipped="0">
  <testcase classname="pom_scripts.TC11" name="Resume" time="6.289"/>
  <system-out/>
</testsuite> <!-- pom_scripts.TC11 -->
